Exporter version: 2.80.1, Blender version: 2.80 (sub 75)
========= Conversion from Blender to Babylon.js =========
	Scene settings used :
		Inline textures     :  false
		Material Type       :  PBR
		Positions Precision :  4
		Normals Precision   :  3
		UVs Precision       :  3
		Vert Color Precision:  3
		Mat Weight Precision:  2
		Keep Z-up r-handed  :  no
		Texture directory   :  C:\Users\tsyan\OneDrive\Documents\
	Python World class constructor completed
	WARNING: No active camera has been assigned, or is not in a currently selected Blender layer
	processing begun of skeleton:  Character, id:  0
		processing begun of bone:  Hips, index:  0
		processing begun of bone:  Spine, index:  1
		processing begun of bone:  Spine1, index:  2
		processing begun of bone:  Spine2, index:  3
		processing begun of bone:  Neck, index:  4
		processing begun of bone:  Head, index:  5
		processing begun of bone:  HeadTop_End, index:  6
		processing begun of bone:  RightShoulder, index:  7
		processing begun of bone:  RightArm, index:  8
		processing begun of bone:  RightForeArm, index:  9
		processing begun of bone:  RightHand, index:  10
		processing begun of bone:  RightHandThumb1, index:  11
		processing begun of bone:  RightHandThumb2, index:  12
		processing begun of bone:  RightHandThumb3, index:  13
		processing begun of bone:  RightHandThumb4, index:  14
		processing begun of bone:  RightHandIndex1, index:  15
		processing begun of bone:  RightHandIndex2, index:  16
		processing begun of bone:  RightHandIndex3, index:  17
		processing begun of bone:  RightHandIndex4, index:  18
		processing begun of bone:  RightHandMiddle1, index:  19
		processing begun of bone:  RightHandMiddle2, index:  20
		processing begun of bone:  RightHandMiddle3, index:  21
		processing begun of bone:  RightHandMiddle4, index:  22
		processing begun of bone:  RightHandRing1, index:  23
		processing begun of bone:  RightHandRing2, index:  24
		processing begun of bone:  RightHandRing3, index:  25
		processing begun of bone:  RightHandRing4, index:  26
		processing begun of bone:  RightHandPinky1, index:  27
		processing begun of bone:  RightHandPinky2, index:  28
		processing begun of bone:  RightHandPinky3, index:  29
		processing begun of bone:  RightHandPinky4, index:  30
		processing begun of bone:  sword_joint, index:  31
		processing begun of bone:  LeftShoulder, index:  32
		processing begun of bone:  LeftArm, index:  33
		processing begun of bone:  LeftForeArm, index:  34
		processing begun of bone:  LeftHand, index:  35
		processing begun of bone:  LeftHandThumb1, index:  36
		processing begun of bone:  LeftHandThumb2, index:  37
		processing begun of bone:  LeftHandThumb3, index:  38
		processing begun of bone:  LeftHandThumb4, index:  39
		processing begun of bone:  LeftHandIndex1, index:  40
		processing begun of bone:  LeftHandIndex2, index:  41
		processing begun of bone:  LeftHandIndex3, index:  42
		processing begun of bone:  LeftHandIndex4, index:  43
		processing begun of bone:  LeftHandMiddle1, index:  44
		processing begun of bone:  LeftHandMiddle2, index:  45
		processing begun of bone:  LeftHandMiddle3, index:  46
		processing begun of bone:  LeftHandMiddle4, index:  47
		processing begun of bone:  LeftHandRing1, index:  48
		processing begun of bone:  LeftHandRing2, index:  49
		processing begun of bone:  LeftHandRing3, index:  50
		processing begun of bone:  LeftHandRing4, index:  51
		processing begun of bone:  LeftHandPinky1, index:  52
		processing begun of bone:  LeftHandPinky2, index:  53
		processing begun of bone:  LeftHandPinky3, index:  54
		processing begun of bone:  LeftHandPinky4, index:  55
		processing begun of bone:  LeftUpLeg, index:  56
		processing begun of bone:  LeftLeg, index:  57
		processing begun of bone:  LeftFoot, index:  58
		processing begun of bone:  LeftToeBase, index:  59
		processing begun of bone:  LeftToe_End, index:  60
		processing begun of bone:  RightUpLeg, index:  61
		processing begun of bone:  RightLeg, index:  62
		processing begun of bone:  RightFoot, index:  63
		processing begun of bone:  RightToeBase, index:  64
		processing begun of bone:  RightToe_End, index:  65
		processing action Backwalk:  in[1 - 40], out[0 - 40]
		processing action Death:  in[1 - 79], out[50 - 129]
		processing action Idle:  in[1 - 112], out[140 - 252]
		processing action Impact:  in[1 - 39], out[260 - 299]
		processing action Leftturn:  in[1 - 26], out[310 - 336]
		processing action Rightturn:  in[1 - 23], out[350 - 373]
		processing action Slash:  in[1 - 56], out[380 - 436]
		processing action TPose:  in[1 - 2], out[450 - 452]
		processing action Walk:  in[1 - 42], out[460 - 502]
	processing begun of mesh:  Maria_J_J_Ong
		processing begun of material:  MariaMat
			processing texture maria_normal
				texture type:  bumpTexture, mapped using: "UVSet0"
			processing texture maria_diffuse
				texture type:  diffuseTexture, mapped using: "UVSet0"
			processing texture maria_specular
				texture type:  specularTexture, mapped using: "UVSet0"
		Custom split normals with tangents being used
		num positions      :  12030
		num normals        :  12030
		num tangents       :  48120
		num uvs            :  24060
		num uvs2           :  24060
		num colors         :  0
		num triangles      :  14566
		Skeleton stats:  
			Total Influencers:  21131
			Avg # of influencers per vertex:  1.7565
			Highest # of influencers observed:  5, num vertices with this:  28
			exported as 5 influencers
			num skeletonWeights and skeletonIndices:  96240
	processing begun of mesh:  Maria_sword
		processing begun of material:  MariaMat.001
			processing texture maria_normal
				texture type:  bumpTexture, mapped using: "map1"
			processing texture maria_diffuse
				texture type:  diffuseTexture, mapped using: "map1"
			processing texture maria_specular
				texture type:  specularTexture, mapped using: "map1"
		Custom split normals with tangents being used
		num positions      :  147
		num normals        :  147
		num tangents       :  588
		num uvs            :  294
		num uvs2           :  294
		num colors         :  0
		num triangles      :  80
		Skeleton stats:  
			Total Influencers:  147
			Avg # of influencers per vertex:  1
			Highest # of influencers observed:  1, num vertices with this:  147
			exported as 1 influencers
			num skeletonWeights and skeletonIndices:  588
========= Writing of JSON file started =========
	writing mesh:  Maria_J_J_Ong
	writing mesh:  Maria_sword
========= Writing of JSON file completed =========
========= end of processing =========
elapsed time:  0 min, 10.8352 secs
